<?xml version="1.0" encoding="UTF-8"?>
<testng-results ignored="0" total="11" passed="10" failed="1" skipped="0">
  <reporter-output>
  </reporter-output>
  <suite started-at="2022-04-28T10:26:25 IST" name="Suite" finished-at="2022-04-28T10:27:34 IST" duration-ms="69930">
    <groups>
    </groups>
    <test started-at="2022-04-28T10:26:25 IST" name="Test" finished-at="2022-04-28T10:27:34 IST" duration-ms="69930">
      <class name="testng.Annotation">
        <test-method is-config="true" signature="beforeSuite()[pri:0, instance:testng.Annotation@12e61fe6]" started-at="2022-04-28T10:26:24 IST" name="beforeSuite" finished-at="2022-04-28T10:26:25 IST" duration-ms="18" status="PASS">
          <reporter-output>
          </reporter-output>
        </test-method> <!-- beforeSuite -->
        <test-method is-config="true" signature="beforeTest()[pri:0, instance:testng.Annotation@12e61fe6]" started-at="2022-04-28T10:26:25 IST" name="beforeTest" finished-at="2022-04-28T10:26:25 IST" duration-ms="1" status="PASS">
          <reporter-output>
          </reporter-output>
        </test-method> <!-- beforeTest -->
        <test-method is-config="true" signature="beforeClass()[pri:0, instance:testng.Annotation@12e61fe6]" started-at="2022-04-28T10:27:34 IST" name="beforeClass" finished-at="2022-04-28T10:27:34 IST" duration-ms="1" status="PASS">
          <reporter-output>
          </reporter-output>
        </test-method> <!-- beforeClass -->
        <test-method is-config="true" signature="beforeMethod()[pri:0, instance:testng.Annotation@12e61fe6]" started-at="2022-04-28T10:27:34 IST" name="beforeMethod" finished-at="2022-04-28T10:27:34 IST" duration-ms="1" status="PASS">
          <reporter-output>
          </reporter-output>
        </test-method> <!-- beforeMethod -->
        <test-method signature="a()[pri:0, instance:testng.Annotation@12e61fe6]" started-at="2022-04-28T10:27:34 IST" name="a" finished-at="2022-04-28T10:27:34 IST" duration-ms="2" status="PASS">
          <reporter-output>
          </reporter-output>
        </test-method> <!-- a -->
        <test-method is-config="true" signature="afterMethod()[pri:0, instance:testng.Annotation@12e61fe6]" started-at="2022-04-28T10:27:34 IST" name="afterMethod" finished-at="2022-04-28T10:27:34 IST" duration-ms="1" status="PASS">
          <reporter-output>
          </reporter-output>
        </test-method> <!-- afterMethod -->
        <test-method is-config="true" signature="beforeMethod()[pri:0, instance:testng.Annotation@12e61fe6]" started-at="2022-04-28T10:27:34 IST" name="beforeMethod" finished-at="2022-04-28T10:27:34 IST" duration-ms="0" status="PASS">
          <reporter-output>
          </reporter-output>
        </test-method> <!-- beforeMethod -->
        <test-method signature="b()[pri:0, instance:testng.Annotation@12e61fe6]" started-at="2022-04-28T10:27:34 IST" name="b" finished-at="2022-04-28T10:27:34 IST" duration-ms="3" status="PASS">
          <reporter-output>
          </reporter-output>
        </test-method> <!-- b -->
        <test-method is-config="true" signature="afterMethod()[pri:0, instance:testng.Annotation@12e61fe6]" started-at="2022-04-28T10:27:34 IST" name="afterMethod" finished-at="2022-04-28T10:27:34 IST" duration-ms="3" status="PASS">
          <reporter-output>
          </reporter-output>
        </test-method> <!-- afterMethod -->
        <test-method signature="c()[pri:0, instance:testng.Annotation@12e61fe6]" started-at="2022-04-28T10:27:34 IST" name="c" finished-at="2022-04-28T10:27:34 IST" duration-ms="3" status="PASS">
          <reporter-output>
          </reporter-output>
        </test-method> <!-- c -->
        <test-method is-config="true" signature="beforeMethod()[pri:0, instance:testng.Annotation@12e61fe6]" started-at="2022-04-28T10:27:34 IST" name="beforeMethod" finished-at="2022-04-28T10:27:34 IST" duration-ms="0" status="PASS">
          <reporter-output>
          </reporter-output>
        </test-method> <!-- beforeMethod -->
        <test-method is-config="true" signature="afterMethod()[pri:0, instance:testng.Annotation@12e61fe6]" started-at="2022-04-28T10:27:34 IST" name="afterMethod" finished-at="2022-04-28T10:27:34 IST" duration-ms="0" status="PASS">
          <reporter-output>
          </reporter-output>
        </test-method> <!-- afterMethod -->
        <test-method is-config="true" signature="beforeMethod()[pri:0, instance:testng.Annotation@12e61fe6]" started-at="2022-04-28T10:27:34 IST" name="beforeMethod" finished-at="2022-04-28T10:27:34 IST" duration-ms="0" status="PASS">
          <reporter-output>
          </reporter-output>
        </test-method> <!-- beforeMethod -->
        <test-method signature="d()[pri:0, instance:testng.Annotation@12e61fe6]" started-at="2022-04-28T10:27:34 IST" name="d" finished-at="2022-04-28T10:27:34 IST" duration-ms="1" status="PASS">
          <reporter-output>
          </reporter-output>
        </test-method> <!-- d -->
        <test-method is-config="true" signature="afterMethod()[pri:0, instance:testng.Annotation@12e61fe6]" started-at="2022-04-28T10:27:34 IST" name="afterMethod" finished-at="2022-04-28T10:27:34 IST" duration-ms="1" status="PASS">
          <reporter-output>
          </reporter-output>
        </test-method> <!-- afterMethod -->
        <test-method is-config="true" signature="afterTest()[pri:0, instance:testng.Annotation@12e61fe6]" started-at="2022-04-28T10:27:34 IST" name="afterTest" finished-at="2022-04-28T10:27:34 IST" duration-ms="1" status="PASS">
          <reporter-output>
          </reporter-output>
        </test-method> <!-- afterTest -->
        <test-method is-config="true" signature="afterClass()[pri:0, instance:testng.Annotation@12e61fe6]" started-at="2022-04-28T10:27:34 IST" name="afterClass" finished-at="2022-04-28T10:27:34 IST" duration-ms="0" status="PASS">
          <reporter-output>
          </reporter-output>
        </test-method> <!-- afterClass -->
        <test-method is-config="true" signature="afterSuite()[pri:0, instance:testng.Annotation@12e61fe6]" started-at="2022-04-28T10:27:35 IST" name="afterSuite" finished-at="2022-04-28T10:27:35 IST" duration-ms="1" status="PASS">
          <reporter-output>
          </reporter-output>
        </test-method> <!-- afterSuite -->
      </class> <!-- testng.Annotation -->
      <class name="testng.DataProviderEx">
        <test-method is-config="true" signature="setUp()[pri:0, instance:testng.DataProviderEx@7ee955a8]" started-at="2022-04-28T10:26:25 IST" name="setUp" finished-at="2022-04-28T10:26:25 IST" duration-ms="0" status="PASS">
          <reporter-output>
          </reporter-output>
        </test-method> <!-- setUp -->
        <test-method signature="testSearchCountry(java.lang.String)[pri:0, instance:testng.DataProviderEx@7ee955a8]" started-at="2022-04-28T10:26:25 IST" name="testSearchCountry" data-provider="myTest" finished-at="2022-04-28T10:26:36 IST" duration-ms="11363" status="PASS">
          <params>
            <param index="0">
              <value>
                <![CDATA[India]]>
              </value>
            </param>
          </params>
          <reporter-output>
          </reporter-output>
        </test-method> <!-- testSearchCountry -->
        <test-method is-config="true" signature="tearDown()[pri:0, instance:testng.DataProviderEx@7ee955a8]" started-at="2022-04-28T10:26:36 IST" name="tearDown" finished-at="2022-04-28T10:26:36 IST" duration-ms="353" status="PASS">
          <reporter-output>
          </reporter-output>
        </test-method> <!-- tearDown -->
        <test-method is-config="true" signature="setUp()[pri:0, instance:testng.DataProviderEx@7ee955a8]" started-at="2022-04-28T10:26:36 IST" name="setUp" finished-at="2022-04-28T10:26:36 IST" duration-ms="1" status="PASS">
          <reporter-output>
          </reporter-output>
        </test-method> <!-- setUp -->
        <test-method signature="testSearchCountry(java.lang.String)[pri:0, instance:testng.DataProviderEx@7ee955a8]" started-at="2022-04-28T10:26:36 IST" name="testSearchCountry" data-provider="myTest" finished-at="2022-04-28T10:26:46 IST" duration-ms="9547" status="PASS">
          <params>
            <param index="0">
              <value>
                <![CDATA[Brazil]]>
              </value>
            </param>
          </params>
          <reporter-output>
          </reporter-output>
        </test-method> <!-- testSearchCountry -->
        <test-method is-config="true" signature="tearDown()[pri:0, instance:testng.DataProviderEx@7ee955a8]" started-at="2022-04-28T10:26:46 IST" name="tearDown" finished-at="2022-04-28T10:26:46 IST" duration-ms="431" status="PASS">
          <reporter-output>
          </reporter-output>
        </test-method> <!-- tearDown -->
        <test-method is-config="true" signature="setUp()[pri:0, instance:testng.DataProviderEx@7ee955a8]" started-at="2022-04-28T10:26:46 IST" name="setUp" finished-at="2022-04-28T10:26:46 IST" duration-ms="0" status="PASS">
          <reporter-output>
          </reporter-output>
        </test-method> <!-- setUp -->
        <test-method signature="testSearchCountry(java.lang.String)[pri:0, instance:testng.DataProviderEx@7ee955a8]" started-at="2022-04-28T10:26:46 IST" name="testSearchCountry" data-provider="myTest" finished-at="2022-04-28T10:26:54 IST" duration-ms="7477" status="PASS">
          <params>
            <param index="0">
              <value>
                <![CDATA[Canada]]>
              </value>
            </param>
          </params>
          <reporter-output>
          </reporter-output>
        </test-method> <!-- testSearchCountry -->
        <test-method is-config="true" signature="tearDown()[pri:0, instance:testng.DataProviderEx@7ee955a8]" started-at="2022-04-28T10:26:54 IST" name="tearDown" finished-at="2022-04-28T10:26:54 IST" duration-ms="312" status="PASS">
          <reporter-output>
          </reporter-output>
        </test-method> <!-- tearDown -->
        <test-method is-config="true" signature="setUp()[pri:0, instance:testng.DataProviderEx@7ee955a8]" started-at="2022-04-28T10:26:54 IST" name="setUp" finished-at="2022-04-28T10:26:54 IST" duration-ms="1" status="PASS">
          <reporter-output>
          </reporter-output>
        </test-method> <!-- setUp -->
        <test-method signature="testSearchCountry(java.lang.String)[pri:0, instance:testng.DataProviderEx@7ee955a8]" started-at="2022-04-28T10:26:54 IST" name="testSearchCountry" data-provider="myTest" finished-at="2022-04-28T10:27:02 IST" duration-ms="8264" status="PASS">
          <params>
            <param index="0">
              <value>
                <![CDATA[Sri Lanka]]>
              </value>
            </param>
          </params>
          <reporter-output>
          </reporter-output>
        </test-method> <!-- testSearchCountry -->
        <test-method is-config="true" signature="tearDown()[pri:0, instance:testng.DataProviderEx@7ee955a8]" started-at="2022-04-28T10:27:02 IST" name="tearDown" finished-at="2022-04-28T10:27:03 IST" duration-ms="343" status="PASS">
          <reporter-output>
          </reporter-output>
        </test-method> <!-- tearDown -->
        <test-method is-config="true" signature="setUp()[pri:0, instance:testng.DataProviderEx@7ee955a8]" started-at="2022-04-28T10:27:03 IST" name="setUp" finished-at="2022-04-28T10:27:03 IST" duration-ms="0" status="PASS">
          <reporter-output>
          </reporter-output>
        </test-method> <!-- setUp -->
        <test-method signature="testSearchCountry(java.lang.String)[pri:0, instance:testng.DataProviderEx@7ee955a8]" started-at="2022-04-28T10:27:03 IST" name="testSearchCountry" data-provider="myTest" finished-at="2022-04-28T10:27:12 IST" duration-ms="9788" status="PASS">
          <params>
            <param index="0">
              <value>
                <![CDATA[England]]>
              </value>
            </param>
          </params>
          <reporter-output>
          </reporter-output>
        </test-method> <!-- testSearchCountry -->
        <test-method is-config="true" signature="tearDown()[pri:0, instance:testng.DataProviderEx@7ee955a8]" started-at="2022-04-28T10:27:12 IST" name="tearDown" finished-at="2022-04-28T10:27:13 IST" duration-ms="290" status="PASS">
          <reporter-output>
          </reporter-output>
        </test-method> <!-- tearDown -->
        <test-method signature="testSearchCountry(java.lang.String)[pri:0, instance:testng.DataProviderEx@7ee955a8]" started-at="2022-04-28T10:27:13 IST" name="testSearchCountry" data-provider="myTest" finished-at="2022-04-28T10:27:24 IST" duration-ms="11330" status="FAIL">
          <params>
            <param index="0">
              <value>
                <![CDATA[UK]]>
              </value>
            </param>
          </params>
          <exception class="java.lang.AssertionError">
            <message>
              <![CDATA[expected [true] but found [false]]]>
            </message>
            <full-stacktrace>
              <![CDATA[java.lang.AssertionError: expected [true] but found [false]
at org.testng.Assert.fail(Assert.java:97)
at org.testng.Assert.failNotEquals(Assert.java:969)
at org.testng.Assert.assertTrue(Assert.java:43)
at org.testng.Assert.assertTrue(Assert.java:53)
at testng.DataProviderEx.testSearchCountry(DataProviderEx.java:51)
at java.base/jdk.internal.reflect.NativeMethodAccessorImpl.invoke0(Native Method)
at java.base/jdk.internal.reflect.NativeMethodAccessorImpl.invoke(NativeMethodAccessorImpl.java:77)
at java.base/jdk.internal.reflect.DelegatingMethodAccessorImpl.invoke(DelegatingMethodAccessorImpl.java:43)
at java.base/java.lang.reflect.Method.invoke(Method.java:568)
at org.testng.internal.MethodInvocationHelper.invokeMethod(MethodInvocationHelper.java:134)
at org.testng.internal.TestInvoker.invokeMethod(TestInvoker.java:597)
at org.testng.internal.TestInvoker.invokeTestMethod(TestInvoker.java:173)
at org.testng.internal.MethodRunner.runInSequence(MethodRunner.java:46)
at org.testng.internal.TestInvoker$MethodInvocationAgent.invoke(TestInvoker.java:816)
at org.testng.internal.TestInvoker.invokeTestMethods(TestInvoker.java:146)
at org.testng.internal.TestMethodWorker.invokeTestMethods(TestMethodWorker.java:146)
at org.testng.internal.TestMethodWorker.run(TestMethodWorker.java:128)
at java.base/java.util.ArrayList.forEach(ArrayList.java:1511)
at org.testng.TestRunner.privateRun(TestRunner.java:766)
at org.testng.TestRunner.run(TestRunner.java:587)
at org.testng.SuiteRunner.runTest(SuiteRunner.java:384)
at org.testng.SuiteRunner.runSequentially(SuiteRunner.java:378)
at org.testng.SuiteRunner.privateRun(SuiteRunner.java:337)
at org.testng.SuiteRunner.run(SuiteRunner.java:286)
at org.testng.SuiteRunnerWorker.runSuite(SuiteRunnerWorker.java:53)
at org.testng.SuiteRunnerWorker.run(SuiteRunnerWorker.java:96)
at org.testng.TestNG.runSuitesSequentially(TestNG.java:1187)
at org.testng.TestNG.runSuitesLocally(TestNG.java:1109)
at org.testng.TestNG.runSuites(TestNG.java:1039)
at org.testng.TestNG.run(TestNG.java:1007)
at org.testng.remote.AbstractRemoteTestNG.run(AbstractRemoteTestNG.java:115)
at org.testng.remote.RemoteTestNG.initAndRun(RemoteTestNG.java:251)
at org.testng.remote.RemoteTestNG.main(RemoteTestNG.java:77)
]]>
            </full-stacktrace>
          </exception> <!-- java.lang.AssertionError -->
          <reporter-output>
          </reporter-output>
        </test-method> <!-- testSearchCountry -->
        <test-method is-config="true" signature="setUp()[pri:0, instance:testng.DataProviderEx@7ee955a8]" started-at="2022-04-28T10:27:13 IST" name="setUp" finished-at="2022-04-28T10:27:13 IST" duration-ms="0" status="PASS">
          <reporter-output>
          </reporter-output>
        </test-method> <!-- setUp -->
        <test-method is-config="true" signature="tearDown()[pri:0, instance:testng.DataProviderEx@7ee955a8]" started-at="2022-04-28T10:27:24 IST" name="tearDown" finished-at="2022-04-28T10:27:25 IST" duration-ms="412" status="PASS">
          <reporter-output>
          </reporter-output>
        </test-method> <!-- tearDown -->
        <test-method is-config="true" signature="setUp()[pri:0, instance:testng.DataProviderEx@7ee955a8]" started-at="2022-04-28T10:27:25 IST" name="setUp" finished-at="2022-04-28T10:27:25 IST" duration-ms="0" status="PASS">
          <reporter-output>
          </reporter-output>
        </test-method> <!-- setUp -->
        <test-method signature="testSearchCountry(java.lang.String)[pri:0, instance:testng.DataProviderEx@7ee955a8]" started-at="2022-04-28T10:27:25 IST" name="testSearchCountry" data-provider="myTest" finished-at="2022-04-28T10:27:34 IST" duration-ms="9606" status="PASS">
          <params>
            <param index="0">
              <value>
                <![CDATA[United States]]>
              </value>
            </param>
          </params>
          <reporter-output>
          </reporter-output>
        </test-method> <!-- testSearchCountry -->
        <test-method is-config="true" signature="tearDown()[pri:0, instance:testng.DataProviderEx@7ee955a8]" started-at="2022-04-28T10:27:34 IST" name="tearDown" finished-at="2022-04-28T10:27:34 IST" duration-ms="281" status="PASS">
          <reporter-output>
          </reporter-output>
        </test-method> <!-- tearDown -->
      </class> <!-- testng.DataProviderEx -->
    </test> <!-- Test -->
  </suite> <!-- Suite -->
</testng-results>
