<?xml version="1.0" encoding="UTF-8"?>
<!-- Generated by org.testng.reporters.JUnitXMLReporter -->
<testsuite ignored="0" hostname="Dell-PC" failures="1" tests="1" name="Default test(failed)" time="11.6" errors="0" timestamp="2022-04-28T09:44:38 IST">
  <testcase classname="testng.DataProviderEx" name="testSearchCountry" time="11.175">
    <failure type="java.lang.AssertionError" message="expected [true] but found [false]">
      <![CDATA[java.lang.AssertionError: expected [true] but found [false]
at testng.DataProviderEx.testSearchCountry(DataProviderEx.java:51)
at java.base/java.util.ArrayList.forEach(ArrayList.java:1511)
... Removed 31 stack frames]]>
    </failure>
  </testcase> <!-- testSearchCountry -->
</testsuite> <!-- Default test(failed) -->
