<?xml version="1.0" encoding="UTF-8"?>
<!-- Generated by org.testng.reporters.JUnitXMLReporter -->
<testsuite ignored="0" hostname="Dell-PC" failures="1" tests="11" name="Test" time="69.93" errors="0" timestamp="2022-04-28T10:27:34 IST">
  <testcase classname="testng.DataProviderEx" name="testSearchCountry" time="11.363"/>
  <testcase classname="testng.DataProviderEx" name="testSearchCountry" time="9.547"/>
  <testcase classname="testng.DataProviderEx" name="testSearchCountry" time="7.477"/>
  <testcase classname="testng.DataProviderEx" name="testSearchCountry" time="8.264"/>
  <testcase classname="testng.DataProviderEx" name="testSearchCountry" time="9.788"/>
  <testcase classname="testng.DataProviderEx" name="testSearchCountry" time="11.33">
    <failure type="java.lang.AssertionError" message="expected [true] but found [false]">
      <![CDATA[java.lang.AssertionError: expected [true] but found [false]
at testng.DataProviderEx.testSearchCountry(DataProviderEx.java:51)
at java.base/java.util.ArrayList.forEach(ArrayList.java:1511)
... Removed 31 stack frames]]>
    </failure>
  </testcase> <!-- testSearchCountry -->
  <testcase classname="testng.DataProviderEx" name="testSearchCountry" time="9.606"/>
  <testcase classname="testng.Annotation" name="a" time="0.002"/>
  <testcase classname="testng.Annotation" name="b" time="0.003"/>
  <testcase classname="testng.Annotation" name="c" time="0.003"/>
  <testcase classname="testng.Annotation" name="d" time="0.001"/>
</testsuite> <!-- Test -->
