<?xml version="1.0" encoding="UTF-8"?>
<!-- Generated by org.testng.reporters.JUnitXMLReporter -->
<testsuite ignored="0" hostname="Dell-PC" failures="0" tests="4" name="Default test" time="0.131" errors="0" timestamp="2022-04-28T10:23:23 IST">
  <testcase classname="testng.DependsOnMethods" name="c" time="0.009"/>
  <testcase classname="testng.DependsOnMethods" name="d" time="0.002"/>
  <testcase classname="testng.DependsOnMethods" name="b" time="0.002"/>
  <testcase classname="testng.DependsOnMethods" name="a" time="0.006"/>
</testsuite> <!-- Default test -->
